<?xml version="1.0" encoding="utf-8"?><testsuites name="pytest tests"><testsuite name="pytest" errors="0" failures="7" skipped="11" tests="257" time="361.267" timestamp="2026-09-09T03:19:47.371714+03:00" hostname="REDACTED_HOST"><testcase classname="tests.test_forward_capture_integrity" name="test_exact_finalized_bootstrap_and_clean_replay" time="3.497" /><testcase classname="tests.test_forward_capture_integrity" name="test_overfetch_validates_finalized_count_after_forming_tail[1]" time="2.928" /><testcase classname="tests.test_forward_capture_integrity" name="test_overfetch_validates_finalized_count_after_forming_tail[3]" time="3.001" /><testcase classname="tests.test_forward_capture_integrity" name="test_overfetch_validates_finalized_count_after_forming_tail[610]" time="2.194" /><testcase classname="tests.test_forward_capture_integrity" name="test_insufficient_warmup_is_durable_blocker_and_can_obtain_older_history" time="3.316" /><testcase classname="tests.test_forward_capture_integrity" name="test_gap_blocks_all_later_bars_until_filled_across_restart[15-900000]" time="4.476" /><testcase classname="tests.test_forward_capture_integrity" name="test_gap_blocks_all_later_bars_until_filled_across_restart[240-14400000]" time="4.626" /><testcase classname="tests.test_forward_capture_integrity" name="test_unexplained_session_gap_is_not_inferred_from_empty_ticks" time="0.976" /><testcase classname="tests.test_forward_capture_integrity" name="test_delayed_h4_coincident_bias_and_live_replay_equivalence" time="3.520" /><testcase classname="tests.test_forward_capture_integrity" name="test_native_h4_phase_is_preserved_and_phase_change_fails_closed" time="2.983" /><testcase classname="tests.test_forward_capture_integrity" name="test_conflicting_rate_rejected_before_wal_and_retry_does_not_lose_state" time="3.509" /><testcase classname="tests.test_forward_capture_integrity" name="test_crash_restart_matches_uninterrupted_at_every_persistence_boundary[inputs-before_append]" time="7.492" /><testcase classname="tests.test_forward_capture_integrity" name="test_crash_restart_matches_uninterrupted_at_every_persistence_boundary[inputs-during_append]" time="7.067" /><testcase classname="tests.test_forward_capture_integrity" name="test_crash_restart_matches_uninterrupted_at_every_persistence_boundary[inputs-after_append_before_fsync]" time="7.076" /><testcase classname="tests.test_forward_capture_integrity" name="test_crash_restart_matches_uninterrupted_at_every_persistence_boundary[inputs-after_fsync]" time="6.980" /><testcase classname="tests.test_forward_capture_integrity" name="test_crash_restart_matches_uninterrupted_at_every_persistence_boundary[bars-before_append]" time="7.122" /><testcase classname="tests.test_forward_capture_integrity" name="test_crash_restart_matches_uninterrupted_at_every_persistence_boundary[bars-during_append]" time="7.039" /><testcase classname="tests.test_forward_capture_integrity" name="test_crash_restart_matches_uninterrupted_at_every_persistence_boundary[bars-after_append_before_fsync]" time="7.122" /><testcase classname="tests.test_forward_capture_integrity" name="test_crash_restart_matches_uninterrupted_at_every_persistence_boundary[bars-after_fsync]" time="6.961" /><testcase classname="tests.test_forward_capture_integrity" name="test_crash_restart_matches_uninterrupted_at_every_persistence_boundary[checkpoint-before_checkpoint_write]" time="7.551" /><testcase classname="tests.test_forward_capture_integrity" name="test_crash_restart_matches_uninterrupted_at_every_persistence_boundary[checkpoint-during_checkpoint_write]" time="7.262" /><testcase classname="tests.test_forward_capture_integrity" name="test_crash_restart_matches_uninterrupted_at_every_persistence_boundary[checkpoint-before_checkpoint_replace]" time="6.958" /><testcase classname="tests.test_forward_capture_integrity" name="test_crash_restart_matches_uninterrupted_at_every_persistence_boundary[checkpoint-after_checkpoint_replace]" time="7.150" /><testcase classname="tests.test_forward_capture_integrity" name="test_crash_restart_matches_uninterrupted_at_every_persistence_boundary[checkpoint-after_checkpoint_before_next_event]" time="7.044" /><testcase classname="tests.test_forward_capture_integrity" name="test_unterminated_tail_is_quarantined_exactly_and_recovery_is_repeatable[{]" time="0.022" /><testcase classname="tests.test_forward_capture_integrity" name="test_unterminated_tail_is_quarantined_exactly_and_recovery_is_repeatable[{&quot;format&quot;:&quot;xm-capture-frame/v1&quot;}]" time="0.022" /><testcase classname="tests.test_forward_capture_integrity" name="test_unterminated_tail_is_quarantined_exactly_and_recovery_is_repeatable[\xff\x00]" time="0.017" /><testcase classname="tests.test_forward_capture_integrity" name="test_any_terminated_corrupt_record_fails_closed_including_first_and_final[0]" time="0.020" /><testcase classname="tests.test_forward_capture_integrity" name="test_any_terminated_corrupt_record_fails_closed_including_first_and_final[1]" time="0.018" /><testcase classname="tests.test_forward_capture_integrity" name="test_any_terminated_corrupt_record_fails_closed_including_first_and_final[2]" time="0.014" /><testcase classname="tests.test_forward_capture_integrity" name="test_duplicate_ids_and_noncanonical_framing_fail_closed" time="0.016" /><testcase classname="tests.test_forward_capture_integrity" name="test_recovery_rejects_validly_framed_but_unreconciled_evidence[state]" time="3.263" /><testcase classname="tests.test_forward_capture_integrity" name="test_recovery_rejects_validly_framed_but_unreconciled_evidence[ahead]" time="3.016" /><testcase classname="tests.test_forward_capture_integrity" name="test_recovery_rejects_validly_framed_but_unreconciled_evidence[output]" time="3.438" /><testcase classname="tests.test_forward_capture_integrity" name="test_recovery_rejects_validly_framed_but_unreconciled_evidence[orphan_shadow]" time="3.374" /><testcase classname="tests.test_forward_capture_integrity" name="test_recovery_rejects_validly_framed_but_unreconciled_evidence[empty_inputs]" time="3.031" /><testcase classname="tests.test_forward_capture_integrity" name="test_root_single_writer_release_crash_and_rejected_writer_does_not_mutate" time="0.003"><failure message="PermissionError: [Errno 13] Permission denied">tests\test_forward_capture_integrity.py:362: in test_root_single_writer_release_crash_and_rejected_writer_does_not_mutate
    before = {p.name: p.read_bytes() for p in root.iterdir()}
                      ^^^^^^^^^^^^^^
..\..\..\..\Programs\Python\Python314\Lib\pathlib\__init__.py:778: in read_bytes
    return f.read()
           ^^^^^^^^
E   PermissionError: [Errno 13] Permission denied</failure></testcase><testcase classname="tests.test_forward_capture_integrity" name="test_constructor_failure_releases_lock_and_audit_does_not_activate" time="3.270" /><testcase classname="tests.test_forward_capture_integrity" name="test_tick_page_boundary_is_inclusive_and_saturation_fails_closed" time="0.902" /><testcase classname="tests.test_forward_capture_integrity" name="test_real_signal_and_shadow_recover_exactly_after_crash_and_later_restart_clock[v1.jsonl-before_append]" time="8.087" /><testcase classname="tests.test_forward_capture_integrity" name="test_real_signal_and_shadow_recover_exactly_after_crash_and_later_restart_clock[v1.jsonl-during_append]" time="8.201" /><testcase classname="tests.test_forward_capture_integrity" name="test_real_signal_and_shadow_recover_exactly_after_crash_and_later_restart_clock[v1.jsonl-after_append_before_fsync]" time="7.939" /><testcase classname="tests.test_forward_capture_integrity" name="test_real_signal_and_shadow_recover_exactly_after_crash_and_later_restart_clock[v1.jsonl-after_fsync]" time="8.178" /><testcase classname="tests.test_forward_capture_integrity" name="test_real_signal_and_shadow_recover_exactly_after_crash_and_later_restart_clock[family1_long_only.jsonl-before_append]" time="8.081" /><testcase classname="tests.test_forward_capture_integrity" name="test_real_signal_and_shadow_recover_exactly_after_crash_and_later_restart_clock[family1_long_only.jsonl-during_append]" time="8.124" /><testcase classname="tests.test_forward_capture_integrity" name="test_real_signal_and_shadow_recover_exactly_after_crash_and_later_restart_clock[family1_long_only.jsonl-after_fsync]" time="8.097" /><testcase classname="tests.test_forward_capture_integrity" name="test_real_long_short_events_match_frozen_intermediate_states_and_shadow" time="9.751" /><testcase classname="tests.test_forward_capture_integrity" name="test_slow_acquisition_uses_completed_observation_time_for_stale_signals" time="4.097" /><testcase classname="tests.test_forward_capture_integrity" name="test_m1_gap_is_reported_and_revisited_without_blocking_complete_strategy" time="3.089" /><testcase classname="tests.test_forward_capture_integrity" name="test_warmup_cutoff_does_not_move_when_new_bars_arrive" time="3.881" /><testcase classname="tests.test_forward_capture_integrity" name="test_crash_during_tail_recovery_preserves_forensics_and_converges[during_quarantine_write]" time="0.025" /><testcase classname="tests.test_forward_capture_integrity" name="test_crash_during_tail_recovery_preserves_forensics_and_converges[after_quarantine_fsync]" time="0.011" /><testcase classname="tests.test_forward_capture_integrity" name="test_crash_during_tail_recovery_preserves_forensics_and_converges[after_tail_truncate]" time="0.011" /><testcase classname="tests.test_forward_capture_integrity" name="test_mismatched_existing_quarantine_never_discards_source_tail" time="0.006" /><testcase classname="tests.test_forward_capture_integrity" name="test_history_error_with_nonempty_partial_payload_cannot_commit" time="0.032" /><testcase classname="tests.test_forward_capture_integrity" name="test_genuine_immediate_entry_serialization_uses_frozen_transitions" time="2.934" /><testcase classname="tests.test_forward_capture_integrity" name="test_forming_h4_ohlc_cannot_affect_earlier_m15_state_or_evidence" time="6.684" /><testcase classname="tests.test_forward_capture_integrity" name="test_capture_output_has_no_reserved_window_aggregate_economics" time="3.848" /><testcase classname="tests.test_forward_capture_integrity" name="test_rejected_second_service_does_not_mutate_evidence" time="2.965"><failure message="PermissionError: [Errno 13] Permission denied">tests\test_forward_capture_integrity.py:660: in test_rejected_second_service_does_not_mutate_evidence
    before = {path.relative_to(service.root): path.read_bytes() for path in service.root.rglob('*') if path.is_file()}
                                              ^^^^^^^^^^^^^^^^^
..\..\..\..\Programs\Python\Python314\Lib\pathlib\__init__.py:778: in read_bytes
    return f.read()
           ^^^^^^^^
E   PermissionError: [Errno 13] Permission denied</failure></testcase><testcase classname="tests.test_forward_mt5" name="test_capability_audit_accepts_only_explicit_demo_broker_server_and_gold_policy" time="0.004" /><testcase classname="tests.test_forward_mt5" name="test_capture_capability_is_independent_of_execution_permissions" time="0.002" /><testcase classname="tests.test_forward_mt5" name="test_account_identity_and_production_capture_gate_fail_closed" time="0.009" /><testcase classname="tests.test_forward_mt5" name="test_cli_audit_exit_status_uses_audit_permission_not_capture_or_execution" time="0.014" /><testcase classname="tests.test_forward_mt5" name="test_numpy_structured_mt5_records_are_indexed_without_attribute_access" time="0.559" /><testcase classname="tests.test_forward_mt5" name="test_index_only_mt5_record_is_supported_without_numpy" time="0.017" /><testcase classname="tests.test_forward_mt5" name="test_jsonl_restart_conflict_and_execution_ambiguity_do_not_submit" time="0.012" /><testcase classname="tests.test_forward_mt5" name="test_family1_shadow_admits_long_rejects_short_and_has_no_submission_path" time="0.017" /><testcase classname="tests.test_forward_mt5" name="test_initialize_path_and_failure_are_fail_closed" time="0.008" /><testcase classname="tests.test_forward_mt5" name="test_run_uses_bounded_exponential_backoff" time="0.008" /><testcase classname="tests.test_forward_mt5" name="test_journals_bind_frozen_v1_and_implementation_provenance" time="0.009" /><testcase classname="tests.test_forward_mt5" name="test_tampered_frozen_source_verifier_fails_closed" time="0.002" /><testcase classname="tests.test_forward_mt5" name="test_holdout_aggregates_are_blocked" time="0.001" /><testcase classname="tests.test_forward_xm" name="test_tick_journal_append_restart_duplicate_order_and_gap" time="0.014" /><testcase classname="tests.test_forward_xm" name="test_signal_journal_idempotency_schema_and_chronology" time="0.004" /><testcase classname="tests.test_forward_xm" name="test_gross_net_is_never_imputed_and_demo_guard_fails_closed" time="0.001" /><testcase classname="tests.test_replay" name="test_open_time_finalization_and_equal_boundary_are_explicit" time="0.001" /><testcase classname="tests.test_replay" name="test_future_htf_contents_cannot_change_prior_ltf_trace" time="0.003" /><testcase classname="tests.test_replay" name="test_prefix_resume_and_repeat_are_equality_equivalent" time="0.003" /><testcase classname="tests.test_replay" name="test_rejects_invalid_chronology_and_symbol_and_permits_gaps" time="0.003" /><testcase classname="tests.test_replay" name="test_historical_bar_validation[kwargs0-TypeError]" time="0.001" /><testcase classname="tests.test_replay" name="test_historical_bar_validation[kwargs1-ValueError]" time="0.001" /><testcase classname="tests.test_replay" name="test_historical_bar_validation[kwargs2-ValueError]" time="0.001" /><testcase classname="tests.test_replay" name="test_warmed_htf_old_bias_then_new_bias_at_exact_boundaries" time="0.002" /><testcase classname="tests.test_replay" name="test_replay_generated_bars_preserve_warmup_then_phase2_open_stop_close" time="0.002" /><testcase classname="tests.test_replay" name="test_wrong_equal_boundary_order_and_two_symbol_runs_are_isolated" time="0.002" /><testcase classname="tests.test_replay" name="test_nonfinite_ohlc_and_unsupported_timeframe_type_rejected[kwargs0-ValueError]" time="0.001" /><testcase classname="tests.test_replay" name="test_nonfinite_ohlc_and_unsupported_timeframe_type_rejected[kwargs1-ValueError]" time="0.001" /><testcase classname="tests.test_replay" name="test_nonfinite_ohlc_and_unsupported_timeframe_type_rejected[kwargs2-TypeError]" time="0.001" /><testcase classname="tests.test_replay" name="test_replay_config_rejects_boolean_float_fields[kalman_alpha]" time="0.001" /><testcase classname="tests.test_replay" name="test_replay_config_rejects_boolean_float_fields[kalman_beta]" time="0.001" /><testcase classname="tests.test_replay" name="test_replay_config_rejects_boolean_float_fields[kalman_factor]" time="0.000" /><testcase classname="tests.test_replay" name="test_warmed_ltf_without_legal_htf_bias_remains_warming_up" time="0.001" /><testcase classname="tests.test_replay" name="test_active_position_htf_reversal_closes_only_at_shared_boundary" time="0.002" /><testcase classname="tests.test_strategy_engine" name="test_matching_bias_fresh_hema_and_kalman_enters[long]" time="0.001" /><testcase classname="tests.test_strategy_engine" name="test_matching_bias_fresh_hema_and_kalman_enters[short]" time="0.001" /><testcase classname="tests.test_strategy_engine" name="test_wrong_direction_hema_flip_does_not_trade[long-short]" time="0.001" /><testcase classname="tests.test_strategy_engine" name="test_wrong_direction_hema_flip_does_not_trade[short-long]" time="0.001" /><testcase classname="tests.test_strategy_engine" name="test_no_bias_or_pre_epoch_alignment_never_enters_until_fresh_flip" time="0.000" /><testcase classname="tests.test_strategy_engine" name="test_kalman_before_hema_enters_and_hema_before_kalman_arms_then_enters" time="0.000" /><testcase classname="tests.test_strategy_engine" name="test_pending_cancels_on_opposing_hema_bias_change_stale_epoch_and_readiness_loss" time="0.001" /><testcase classname="tests.test_strategy_engine" name="test_opposite_fresh_hema_flip_exits[long-short]" time="0.001" /><testcase classname="tests.test_strategy_engine" name="test_opposite_fresh_hema_flip_exits[short-long]" time="0.001" /><testcase classname="tests.test_strategy_engine" name="test_htf_exit_vs_hold_and_kalman_reversal_alone" time="0.000" /><testcase classname="tests.test_strategy_engine" name="test_stop_priority_coincident_reasons_and_fixed_historical_fills" time="0.001" /><testcase classname="tests.test_strategy_engine" name="test_entry_bar_does_not_stop_and_future_touch_and_gaps_do" time="0.001" /><testcase classname="tests.test_strategy_engine" name="test_multiple_trades_require_later_genuine_fresh_flips_and_no_same_bar_reverse" time="0.000" /><testcase classname="tests.test_strategy_engine" name="test_repeated_hema_flags_and_persistent_alignment_do_not_create_entries" time="0.000" /><testcase classname="tests.test_strategy_engine" name="test_duplicate_out_of_order_replay_and_symbol_isolation_are_deterministic" time="0.001" /><testcase classname="tests.test_strategy_engine" name="test_state_invariants_and_configuration_interface" time="0.000" /><testcase classname="tests.test_strategy_engine" name="test_same_timestamp_bias_activation_and_fresh_flip_belongs_to_new_epoch" time="0.000" /><testcase classname="tests.test_strategy_engine" name="test_entry_readiness_requires_explicit_readiness_all_directions_and_valid_atr[changes0-data_blocked]" time="0.001" /><testcase classname="tests.test_strategy_engine" name="test_entry_readiness_requires_explicit_readiness_all_directions_and_valid_atr[changes1-warming_up]" time="0.001" /><testcase classname="tests.test_strategy_engine" name="test_entry_readiness_requires_explicit_readiness_all_directions_and_valid_atr[changes2-warming_up]" time="0.001" /><testcase classname="tests.test_strategy_engine" name="test_entry_readiness_requires_explicit_readiness_all_directions_and_valid_atr[changes3-warming_up]" time="0.001" /><testcase classname="tests.test_strategy_engine" name="test_open_position_still_stops_when_current_entry_readiness_is_lost" time="0.000" /><testcase classname="tests.test_strategy_engine" name="test_no_stop_touch_keeps_open_position_and_kalman_never_exits" time="0.000" /><testcase classname="tests.test_strategy_engine" name="test_stopped_trade_needs_a_later_fresh_hema_flip_to_reenter" time="0.000" /><testcase classname="tests.test_strategy_engine" name="test_close_bar_with_opposite_confirmation_emits_no_open_event" time="0.000" /><testcase classname="tests.test_strategy_engine" name="test_state_symbol_must_match_bar_symbol" time="0.000" /><testcase classname="tests.test_strategy_engine" name="test_pending_has_active_epoch_and_trade_creation_clears_pending" time="0.000" /><testcase classname="tests.test_strategy_engine" name="test_invalid_atr_has_stable_diagnostic_on_actual_fresh_flip" time="0.000" /><testcase classname="tests.test_strategy_engine" name="test_no_htf_bias_fresh_flip_is_rejected_without_a_trade" time="0.000" /><testcase classname="tests.test_strategy_engine" name="test_valid_explicit_flip_when_prior_hema_is_unknown_is_accepted" time="0.000" /><testcase classname="tests.test_strategy_engine" name="test_repeated_true_hema_flag_cannot_manufacture_another_fresh_flip" time="0.000" /><testcase classname="tests.test_strategy_engine" name="test_pending_has_no_timeout" time="0.000" /><testcase classname="tests.test_strategy_engine" name="test_long_stop_equality_fills_at_fixed_stop" time="0.000" /><testcase classname="tests.test_strategy_engine" name="test_short_stop_equality_fills_at_fixed_stop" time="0.000" /><testcase classname="tests.test_strategy_engine" name="test_pending_cancels_when_bias_becomes_unavailable" time="0.001" /><testcase classname="tests.test_strategy_engine" name="test_bias_reappearing_after_unavailable_gets_a_new_epoch" time="0.000" /><testcase classname="tests.test_strategy_engine" name="test_trade_ids_are_deterministic_and_monotonic_per_symbol_state" time="0.000" /><testcase classname="tests.test_strategy_engine" name="test_flat_state_contains_no_open_trade" time="0.000" /><testcase classname="tests.test_strategy_engine" name="test_invalid_atr_multiplier_is_rejected" time="0.000" /><testcase classname="tests.test_strategy_engine" name="test_strategy_bar_requires_an_orderable_integer_timestamp" time="0.000" /><testcase classname="tests.test_strategy_engine" name="test_strategy_bar_rejects_non_direction_indicator_values[htf_bias]" time="0.001" /><testcase classname="tests.test_strategy_engine" name="test_strategy_bar_rejects_non_direction_indicator_values[hema_direction]" time="0.001" /><testcase classname="tests.test_strategy_engine" name="test_strategy_bar_rejects_non_direction_indicator_values[kalman_direction]" time="0.001" /><testcase classname="tests.test_strategy_engine" name="test_strategy_bar_rejects_non_direction_indicator_values[hema_flip]" time="0.000" /><testcase classname="tests.test_strategy_engine" name="test_strategy_bar_rejects_non_direction_indicator_values[kalman_transition]" time="0.001" /><testcase classname="tests.test_strategy_engine" name="test_strategy_bar_rejects_non_bool_strategy_ready" time="0.000" /><testcase classname="tests.test_strategy_engine" name="test_contradictory_hema_flip_cannot_be_constructed_or_change_pending_long" time="0.000" /><testcase classname="tests.test_strategy_engine" name="test_contradictory_kalman_transition_cannot_be_constructed_or_open_pending_long" time="0.000" /><testcase classname="tests.test_strategy_engine" name="test_pending_flip_at_timestamp_zero_remains_trade_setup_origin" time="0.000" /><testcase classname="tests.test_strategy_engine" name="test_open_trade_requires_direction_side" time="0.000" /><testcase classname="tests.test_strategy_engine" name="test_state_rejects_non_direction_directional_fields[current_bias]" time="0.000" /><testcase classname="tests.test_strategy_engine" name="test_state_rejects_non_direction_directional_fields[previous_bias]" time="0.000" /><testcase classname="tests.test_strategy_engine" name="test_state_rejects_non_direction_directional_fields[current_hema]" time="0.001" /><testcase classname="tests.test_strategy_engine" name="test_state_rejects_non_direction_directional_fields[previous_hema]" time="0.001" /><testcase classname="tests.test_strategy_engine" name="test_state_rejects_non_direction_directional_fields[current_kalman]" time="0.001" /><testcase classname="tests.test_strategy_engine" name="test_state_rejects_non_direction_directional_fields[previous_kalman]" time="0.000" /><testcase classname="tests.test_strategy_engine" name="test_state_rejects_non_direction_directional_fields[pending_direction]" time="0.001" /><testcase classname="tests.test_strategy_engine" name="test_pending_status_must_match_pending_direction_both_ways[long-flat]" time="0.001" /><testcase classname="tests.test_strategy_engine" name="test_pending_status_must_match_pending_direction_both_ways[short-pending_long]" time="0.001" /><testcase classname="tests.test_strategy_engine" name="test_pending_status_must_match_pending_direction_both_ways[None-pending_long]" time="0.001" /><testcase classname="tests.test_persistence" name="test_codec_round_trip_is_canonical_and_restores_tuple_cursor" time="0.010" /><testcase classname="tests.test_persistence" name="test_store_reopens_without_constructor_or_load_creation" time="0.023" /><testcase classname="tests.test_persistence" name="test_existing_empty_database_is_absent_until_save_initializes_it" time="0.009" /><testcase classname="tests.test_persistence" name="test_true_restart_prefix_suffix_is_identical_including_htf_indicator_and_backtest" time="0.014" /><testcase classname="tests.test_persistence" name="test_warmup_pending_open_trade_and_sequence_are_preserved" time="0.025" /><testcase classname="tests.test_persistence" name="test_duplicate_and_out_of_order_remain_rejected_after_recovery" time="0.011" /><testcase classname="tests.test_persistence" name="test_identity_is_deterministic_and_semantic_changes_are_rejected" time="0.011" /><testcase classname="tests.test_persistence" name="test_configuration_replacement_requires_explicit_delete_and_preserves_prior_row" time="0.022" /><testcase classname="tests.test_persistence" name="test_symbol_mismatch_and_cursor_regression_are_explicit" time="0.012" /><testcase classname="tests.test_persistence" name="test_schema_and_checkpoint_version_mismatches_are_never_absence" time="0.014"><failure message="PermissionError: [WinError 32] The process cannot access the file because it is being used by another process: '[HOME]\\AppData\\Local\\Temp\\2\\pytest-of-REDACTED\\pytest-0\\test_schema_and_checkpoint_ver0\\versions.db'">tests\test_persistence.py:222: in test_schema_and_checkpoint_version_mismatches_are_never_absence
    path.unlink()
..\..\..\..\Programs\Python\Python314\Lib\pathlib\__init__.py:1042: in unlink
    os.unlink(self)
E   PermissionError: [WinError 32] The process cannot access the file because it is being used by another process: '[HOME]\\AppData\\Local\\Temp\\2\\pytest-of-REDACTED\\pytest-0\\test_schema_and_checkpoint_ver0\\versions.db'</failure></testcase><testcase classname="tests.test_persistence" name="test_nonempty_v0_and_lookalike_schema_are_rejected" time="0.018" /><testcase classname="tests.test_persistence" name="test_corrupt_payloads_are_rejected[malformed]" time="0.015" /><testcase classname="tests.test_persistence" name="test_corrupt_payloads_are_rejected[missing]" time="0.016" /><testcase classname="tests.test_persistence" name="test_corrupt_payloads_are_rejected[enum]" time="0.022" /><testcase classname="tests.test_persistence" name="test_corrupt_payloads_are_rejected[nested]" time="0.015" /><testcase classname="tests.test_persistence" name="test_codec_rejects_duplicate_nan_unknown_and_invalid_nested_indicator_fields" time="0.002" /><testcase classname="tests.test_persistence" name="test_strict_nested_indicator_and_integer_corruption_is_rejected[previous_direction]" time="0.016" /><testcase classname="tests.test_persistence" name="test_strict_nested_indicator_and_integer_corruption_is_rejected[previous_fast]" time="0.016" /><testcase classname="tests.test_persistence" name="test_strict_nested_indicator_and_integer_corruption_is_rejected[unknown]" time="0.016" /><testcase classname="tests.test_persistence" name="test_strict_nested_indicator_and_integer_corruption_is_rejected[bool_int]" time="0.018" /><testcase classname="tests.test_persistence" name="test_outer_and_row_metadata_are_strictly_validated" time="0.028" /><testcase classname="tests.test_persistence" name="test_atomic_replacement_and_failed_write_preserves_prior_row" time="0.026" /><testcase classname="tests.test_persistence" name="test_delete_returns_explicit_status" time="0.016" /><testcase classname="tests.test_persistence" name="test_true_store_engine_restart_matches_uninterrupted_for_every_legal_split[1]" time="0.016" /><testcase classname="tests.test_persistence" name="test_true_store_engine_restart_matches_uninterrupted_for_every_legal_split[2]" time="0.015" /><testcase classname="tests.test_persistence" name="test_true_store_engine_restart_matches_uninterrupted_for_every_legal_split[3]" time="0.014" /><testcase classname="tests.test_persistence" name="test_true_store_engine_restart_matches_uninterrupted_for_every_legal_split[4]" time="0.014" /><testcase classname="tests.test_persistence" name="test_true_store_engine_restart_matches_uninterrupted_for_every_legal_split[5]" time="0.014" /><testcase classname="tests.test_persistence" name="test_true_store_engine_restart_matches_uninterrupted_for_every_legal_split[6]" time="0.015" /><testcase classname="tests.test_persistence" name="test_true_store_engine_restart_matches_uninterrupted_for_every_legal_split[7]" time="0.015" /><testcase classname="tests.test_persistence" name="test_integer_valued_open_trade_canonicalizes_and_continues_after_restart" time="0.015" /><testcase classname="tests.test_persistence" name="test_invalid_stop_is_codec_error_and_pending_state_continues_with_sequence" time="0.013" /><testcase classname="tests.test_checkpoints" name="test_hema_checkpoint_resume_matches_uninterrupted_at_every_split[0]" time="0.001" /><testcase classname="tests.test_checkpoints" name="test_hema_checkpoint_resume_matches_uninterrupted_at_every_split[1]" time="0.001" /><testcase classname="tests.test_checkpoints" name="test_hema_checkpoint_resume_matches_uninterrupted_at_every_split[2]" time="0.001" /><testcase classname="tests.test_checkpoints" name="test_hema_checkpoint_resume_matches_uninterrupted_at_every_split[3]" time="0.002" /><testcase classname="tests.test_checkpoints" name="test_hema_checkpoint_resume_matches_uninterrupted_at_every_split[4]" time="0.001" /><testcase classname="tests.test_checkpoints" name="test_hema_checkpoint_resume_matches_uninterrupted_at_every_split[5]" time="0.001" /><testcase classname="tests.test_checkpoints" name="test_hema_checkpoint_resume_matches_uninterrupted_at_every_split[6]" time="0.002" /><testcase classname="tests.test_checkpoints" name="test_hema_checkpoint_resume_matches_uninterrupted_at_every_split[7]" time="0.001" /><testcase classname="tests.test_checkpoints" name="test_hema_checkpoint_resume_matches_uninterrupted_at_every_split[8]" time="0.001" /><testcase classname="tests.test_checkpoints" name="test_kalman_checkpoint_resume_matches_uninterrupted_at_every_split[0]" time="0.001" /><testcase classname="tests.test_checkpoints" name="test_kalman_checkpoint_resume_matches_uninterrupted_at_every_split[1]" time="0.001" /><testcase classname="tests.test_checkpoints" name="test_kalman_checkpoint_resume_matches_uninterrupted_at_every_split[2]" time="0.001" /><testcase classname="tests.test_checkpoints" name="test_kalman_checkpoint_resume_matches_uninterrupted_at_every_split[3]" time="0.001" /><testcase classname="tests.test_checkpoints" name="test_kalman_checkpoint_resume_matches_uninterrupted_at_every_split[4]" time="0.001" /><testcase classname="tests.test_checkpoints" name="test_kalman_checkpoint_resume_matches_uninterrupted_at_every_split[5]" time="0.001" /><testcase classname="tests.test_checkpoints" name="test_kalman_checkpoint_resume_matches_uninterrupted_at_every_split[6]" time="0.001" /><testcase classname="tests.test_checkpoints" name="test_kalman_checkpoint_resume_matches_uninterrupted_at_every_split[7]" time="0.001" /><testcase classname="tests.test_checkpoints" name="test_kalman_checkpoint_resume_matches_uninterrupted_at_every_split[8]" time="0.001" /><testcase classname="tests.test_checkpoints" name="test_partially_warmed_rma_checkpoint_contains_strict_json" time="0.001" /><testcase classname="tests.test_checkpoints" name="test_incompatible_and_unknown_checkpoints_are_rejected" time="0.001" /><testcase classname="tests.test_batch_incremental" name="test_hema_batch_is_the_incremental_loop" time="0.001" /><testcase classname="tests.test_batch_incremental" name="test_kalman_batch_is_the_incremental_loop" time="0.002" /><testcase classname="tests.test_xauusd_golden" name="test_xauusd_visible_plot_export_parity[xauusd_15m]" time="0.001"><failure message="FileNotFoundError: [Errno 2] No such file or directory: 'exports\\xauusd_pending\\XAUUSD_15m.csv'">tests\test_xauusd_golden.py:153: in test_xauusd_visible_plot_export_parity
    rows = load_visible_plot_export(path, declared_symbol=XAUUSD, timeframe_seconds=timeframe_seconds)
           ^^^^^^^^^^^^^^^^^^^^^^^^^^^^^^^^^^^^^^^^^^^^^^^^^^^^^^^^^^^^^^^^^^^^^^^^^^^^^^^^^^^^^^^^^^^
tests\test_xauusd_golden.py:78: in load_visible_plot_export
    with path.open(newline="", encoding="utf-8-sig") as handle:
         ^^^^^^^^^^^^^^^^^^^^^^^^^^^^^^^^^^^^^^^^^^^
..\..\..\..\Programs\Python\Python314\Lib\pathlib\__init__.py:771: in open
    return io.open(self, mode, buffering, encoding, errors, newline)
           ^^^^^^^^^^^^^^^^^^^^^^^^^^^^^^^^^^^^^^^^^^^^^^^^^^^^^^^^^
E   FileNotFoundError: [Errno 2] No such file or directory: 'exports\\xauusd_pending\\XAUUSD_15m.csv'</failure></testcase><testcase classname="tests.test_xauusd_golden" name="test_xauusd_visible_plot_export_parity[xauusd_4h]" time="0.001"><failure message="FileNotFoundError: [Errno 2] No such file or directory: 'exports\\xauusd_pending\\XAUUSD_4h.csv'">tests\test_xauusd_golden.py:153: in test_xauusd_visible_plot_export_parity
    rows = load_visible_plot_export(path, declared_symbol=XAUUSD, timeframe_seconds=timeframe_seconds)
           ^^^^^^^^^^^^^^^^^^^^^^^^^^^^^^^^^^^^^^^^^^^^^^^^^^^^^^^^^^^^^^^^^^^^^^^^^^^^^^^^^^^^^^^^^^^
tests\test_xauusd_golden.py:78: in load_visible_plot_export
    with path.open(newline="", encoding="utf-8-sig") as handle:
         ^^^^^^^^^^^^^^^^^^^^^^^^^^^^^^^^^^^^^^^^^^^
..\..\..\..\Programs\Python\Python314\Lib\pathlib\__init__.py:771: in open
    return io.open(self, mode, buffering, encoding, errors, newline)
           ^^^^^^^^^^^^^^^^^^^^^^^^^^^^^^^^^^^^^^^^^^^^^^^^^^^^^^^^^
E   FileNotFoundError: [Errno 2] No such file or directory: 'exports\\xauusd_pending\\XAUUSD_4h.csv'</failure></testcase><testcase classname="tests.test_xauusd_golden" name="test_xauusd_visible_plot_recursive_checkpoint_equivalence[xauusd_15m]" time="0.001"><failure message="FileNotFoundError: [Errno 2] No such file or directory: 'exports\\xauusd_pending\\XAUUSD_15m.csv'">tests\test_xauusd_golden.py:208: in test_xauusd_visible_plot_recursive_checkpoint_equivalence
    rows = load_visible_plot_export(path, declared_symbol=XAUUSD, timeframe_seconds=timeframe_seconds)
           ^^^^^^^^^^^^^^^^^^^^^^^^^^^^^^^^^^^^^^^^^^^^^^^^^^^^^^^^^^^^^^^^^^^^^^^^^^^^^^^^^^^^^^^^^^^
tests\test_xauusd_golden.py:78: in load_visible_plot_export
    with path.open(newline="", encoding="utf-8-sig") as handle:
         ^^^^^^^^^^^^^^^^^^^^^^^^^^^^^^^^^^^^^^^^^^^
..\..\..\..\Programs\Python\Python314\Lib\pathlib\__init__.py:771: in open
    return io.open(self, mode, buffering, encoding, errors, newline)
           ^^^^^^^^^^^^^^^^^^^^^^^^^^^^^^^^^^^^^^^^^^^^^^^^^^^^^^^^^
E   FileNotFoundError: [Errno 2] No such file or directory: 'exports\\xauusd_pending\\XAUUSD_15m.csv'</failure></testcase><testcase classname="tests.test_xauusd_golden" name="test_xauusd_visible_plot_recursive_checkpoint_equivalence[xauusd_4h]" time="0.001"><failure message="FileNotFoundError: [Errno 2] No such file or directory: 'exports\\xauusd_pending\\XAUUSD_4h.csv'">tests\test_xauusd_golden.py:208: in test_xauusd_visible_plot_recursive_checkpoint_equivalence
    rows = load_visible_plot_export(path, declared_symbol=XAUUSD, timeframe_seconds=timeframe_seconds)
           ^^^^^^^^^^^^^^^^^^^^^^^^^^^^^^^^^^^^^^^^^^^^^^^^^^^^^^^^^^^^^^^^^^^^^^^^^^^^^^^^^^^^^^^^^^^
tests\test_xauusd_golden.py:78: in load_visible_plot_export
    with path.open(newline="", encoding="utf-8-sig") as handle:
         ^^^^^^^^^^^^^^^^^^^^^^^^^^^^^^^^^^^^^^^^^^^
..\..\..\..\Programs\Python\Python314\Lib\pathlib\__init__.py:771: in open
    return io.open(self, mode, buffering, encoding, errors, newline)
           ^^^^^^^^^^^^^^^^^^^^^^^^^^^^^^^^^^^^^^^^^^^^^^^^^^^^^^^^^
E   FileNotFoundError: [Errno 2] No such file or directory: 'exports\\xauusd_pending\\XAUUSD_4h.csv'</failure></testcase><testcase classname="tests.test_tradingview_golden" name="test_export_structure_and_source_candles[NOTSET]" time="0.000"><skipped type="pytest.skip" message="external TradingView golden CSV exports are not available">[REPO]\tests\test_tradingview_golden.py:74: external TradingView golden CSV exports are not available</skipped></testcase><testcase classname="tests.test_tradingview_golden" name="test_exact_export_field_domain_accepts_only_authoritative_integer_boundaries[bullish_cross-0-0]" time="0.001" /><testcase classname="tests.test_tradingview_golden" name="test_exact_export_field_domain_accepts_only_authoritative_integer_boundaries[bullish_cross-1-1]" time="0.001" /><testcase classname="tests.test_tradingview_golden" name="test_exact_export_field_domain_accepts_only_authoritative_integer_boundaries[bearish_transition-0-0]" time="0.001" /><testcase classname="tests.test_tradingview_golden" name="test_exact_export_field_domain_accepts_only_authoritative_integer_boundaries[bearish_transition-1-1]" time="0.001" /><testcase classname="tests.test_tradingview_golden" name="test_exact_export_field_domain_accepts_only_authoritative_integer_boundaries[direction--1--1]" time="0.001" /><testcase classname="tests.test_tradingview_golden" name="test_exact_export_field_domain_accepts_only_authoritative_integer_boundaries[direction-1-1]" time="0.001" /><testcase classname="tests.test_tradingview_golden" name="test_exact_export_field_domain_rejects_fractional_nonfinite_na_and_out_of_domain_values[bullish_cross-0.5]" time="0.001" /><testcase classname="tests.test_tradingview_golden" name="test_exact_export_field_domain_rejects_fractional_nonfinite_na_and_out_of_domain_values[bullish_cross--1]" time="0.001" /><testcase classname="tests.test_tradingview_golden" name="test_exact_export_field_domain_rejects_fractional_nonfinite_na_and_out_of_domain_values[bullish_cross-2]" time="0.000" /><testcase classname="tests.test_tradingview_golden" name="test_exact_export_field_domain_rejects_fractional_nonfinite_na_and_out_of_domain_values[bullish_cross-Infinity]" time="0.001" /><testcase classname="tests.test_tradingview_golden" name="test_exact_export_field_domain_rejects_fractional_nonfinite_na_and_out_of_domain_values[bullish_cross-na]" time="0.001" /><testcase classname="tests.test_tradingview_golden" name="test_exact_export_field_domain_rejects_fractional_nonfinite_na_and_out_of_domain_values[direction-0]" time="0.001" /><testcase classname="tests.test_tradingview_golden" name="test_exact_export_field_domain_rejects_fractional_nonfinite_na_and_out_of_domain_values[direction-0.5]" time="0.000" /><testcase classname="tests.test_tradingview_golden" name="test_exact_export_field_domain_rejects_fractional_nonfinite_na_and_out_of_domain_values[direction-2]" time="0.000" /><testcase classname="tests.test_tradingview_golden" name="test_declared_15m_export_rejects_uniform_thirty_minute_cadence" time="0.000"><skipped type="pytest.skip" message="external TradingView 15m golden CSV export is not available">[REPO]\tests\test_tradingview_golden.py:125: external TradingView 15m golden CSV export is not available</skipped></testcase><testcase classname="tests.test_tradingview_golden" name="test_export_rejects_undeclared_filename_even_with_uniform_thirty_minute_cadence" time="0.000"><skipped type="pytest.skip" message="external TradingView 15m golden CSV export is not available">[REPO]\tests\test_tradingview_golden.py:141: external TradingView 15m golden CSV export is not available</skipped></testcase><testcase classname="tests.test_tradingview_golden" name="test_export_rejects_ambiguous_declared_timeframe_filename" time="0.000"><skipped type="pytest.skip" message="external TradingView 15m golden CSV export is not available">[REPO]\tests\test_tradingview_golden.py:159: external TradingView 15m golden CSV export is not available</skipped></testcase><testcase classname="tests.test_tradingview_golden" name="test_export_rejects_non_increasing_timestamps" time="0.000"><skipped type="pytest.skip" message="external TradingView 15m golden CSV export is not available">[REPO]\tests\test_tradingview_golden.py:171: external TradingView 15m golden CSV export is not available</skipped></testcase><testcase classname="tests.test_tradingview_golden" name="test_export_rejects_fractional_exact_crossover_value" time="0.000"><skipped type="pytest.skip" message="external TradingView 15m golden CSV export is not available">[REPO]\tests\test_tradingview_golden.py:182: external TradingView 15m golden CSV export is not available</skipped></testcase><testcase classname="tests.test_tradingview_golden" name="test_export_rejects_duplicate_ohlc_infinities_even_when_they_match" time="0.000"><skipped type="pytest.skip" message="external TradingView 15m golden CSV export is not available">[REPO]\tests\test_tradingview_golden.py:192: external TradingView 15m golden CSV export is not available</skipped></testcase><testcase classname="tests.test_tradingview_golden" name="test_export_rejects_duplicate_ohlc_values_that_overflow_python_float" time="0.000"><skipped type="pytest.skip" message="external TradingView 15m golden CSV export is not available">[REPO]\tests\test_tradingview_golden.py:203: external TradingView 15m golden CSV export is not available</skipped></testcase><testcase classname="tests.test_tradingview_golden" name="test_seeded_tradingview_parity_for_every_subsequent_candle[NOTSET]" time="0.000"><skipped type="pytest.skip" message="external TradingView golden CSV exports are not available">[REPO]\tests\test_tradingview_golden.py:214: external TradingView golden CSV exports are not available</skipped></testcase><testcase classname="tests.test_tradingview_golden" name="test_cold_start_convergence_is_measured_not_assumed[NOTSET]" time="0.000"><skipped type="pytest.skip" message="external TradingView golden CSV exports are not available">[REPO]\tests\test_tradingview_golden.py:226: external TradingView golden CSV exports are not available</skipped></testcase><testcase classname="tests.test_tradingview_golden" name="test_same_csv_batch_incremental_and_checkpoint_resume_are_identical[NOTSET]" time="0.000"><skipped type="pytest.skip" message="external TradingView golden CSV exports are not available">[REPO]\tests\test_tradingview_golden.py:235: external TradingView golden CSV exports are not available</skipped></testcase><testcase classname="tests.test_forward_authorization_blockers" name="test_empty_ticks_with_complete_rates_do_not_prove_tick_completeness" time="3.047" /><testcase classname="tests.test_forward_authorization_blockers" name="test_history_failure_after_bootstrap_is_atomic_across_restart[timeout_with_payload-ticks]" time="3.914" /><testcase classname="tests.test_forward_authorization_blockers" name="test_history_failure_after_bootstrap_is_atomic_across_restart[timeout_with_payload-m1]" time="3.982" /><testcase classname="tests.test_forward_authorization_blockers" name="test_history_failure_after_bootstrap_is_atomic_across_restart[timeout_with_payload-m15]" time="3.942" /><testcase classname="tests.test_forward_authorization_blockers" name="test_history_failure_after_bootstrap_is_atomic_across_restart[timeout_with_payload-h4]" time="3.878" /><testcase classname="tests.test_forward_authorization_blockers" name="test_history_failure_after_bootstrap_is_atomic_across_restart[missing_payload-ticks]" time="3.917" /><testcase classname="tests.test_forward_authorization_blockers" name="test_history_failure_after_bootstrap_is_atomic_across_restart[missing_payload-m1]" time="4.100" /><testcase classname="tests.test_forward_authorization_blockers" name="test_history_failure_after_bootstrap_is_atomic_across_restart[missing_payload-m15]" time="4.048" /><testcase classname="tests.test_forward_authorization_blockers" name="test_history_failure_after_bootstrap_is_atomic_across_restart[missing_payload-h4]" time="4.038" /><testcase classname="tests.test_forward_authorization_blockers" name="test_successful_partial_warmup_pins_origin_and_retries_after_restart[15]" time="3.714" /><testcase classname="tests.test_forward_authorization_blockers" name="test_successful_partial_warmup_pins_origin_and_retries_after_restart[240]" time="3.722" /><testcase classname="tests.test_forward_authorization_blockers" name="test_calendar_shaped_absence_stays_blocked_until_native_candles_fill[empty-daily-shaped]" time="4.732" /><testcase classname="tests.test_forward_authorization_blockers" name="test_calendar_shaped_absence_stays_blocked_until_native_candles_fill[empty-weekend-shaped]" time="10.369" /><testcase classname="tests.test_forward_authorization_blockers" name="test_calendar_shaped_absence_stays_blocked_until_native_candles_fill[mixed-active-daily-shaped]" time="4.602" /><testcase classname="tests.test_forward_authorization_blockers" name="test_calendar_shaped_absence_stays_blocked_until_native_candles_fill[mixed-active-weekend-shaped]" time="10.233" /><testcase classname="tests.test_forward_authorization_blockers" name="test_failed_reconnect_preserves_evidence_then_requires_same_identity" time="3.541" /><testcase classname="tests.test_forward_authorization_blockers" name="test_abrupt_process_exit_reconstructs_exact_committed_evidence[inputs-during_append]" time="7.852" /><testcase classname="tests.test_forward_authorization_blockers" name="test_abrupt_process_exit_reconstructs_exact_committed_evidence[inputs-after_fsync]" time="8.094" /><testcase classname="tests.test_forward_authorization_blockers" name="test_abrupt_process_exit_reconstructs_exact_committed_evidence[bars-after_fsync]" time="7.937" /><testcase classname="tests.test_forward_authorization_blockers" name="test_abrupt_process_exit_reconstructs_exact_committed_evidence[checkpoint-before_checkpoint_replace]" time="8.146" /><testcase classname="tests.test_forward_authorization_blockers" name="test_abrupt_process_exit_reconstructs_exact_committed_evidence[checkpoint-after_checkpoint_replace]" time="8.455" /></testsuite></testsuites>